<?xml version="1.0" encoding="UTF-8"?>
<!-- Generated by org.testng.reporters.JUnitReportReporter -->
<testsuite hostname="Swetha" failures="0" tests="4" name="api.test.UserTests" time="18.148" errors="0" timestamp="2023-03-28T21:27:59 IST" skipped="0">
  <testcase classname="api.test.UserTests" name="testPostUser" time="6.357"/>
  <system-out/>
  <testcase classname="api.test.UserTests" name="testGetUser" time="2.610"/>
  <system-out/>
  <testcase classname="api.test.UserTests" name="testPutUser" time="6.129"/>
  <system-out/>
  <testcase classname="api.test.UserTests" name="testDeleteUser" time="3.052"/>
  <system-out/>
</testsuite> <!-- api.test.UserTests -->
