<?xml version="1.0" encoding="UTF-8"?>
<!-- Generated by org.testng.reporters.JUnitReportReporter -->
<testsuite hostname="MacBook-Pro-3.lan" failures="0" tests="3" name="api.test.KGeN_Tests" time="9.065" errors="0" timestamp="2024-10-23T21:13:57 IST" skipped="0">
  <testcase classname="api.test.KGeN_Tests" name="testRegisterApi" time="5.411"/>
  <system-out/>
  <testcase classname="api.test.KGeN_Tests" name="testGetOtpApi" time="2.011"/>
  <system-out/>
  <testcase classname="api.test.KGeN_Tests" name="testGetBearerTokenApi" time="1.643"/>
  <system-out/>
</testsuite> <!-- api.test.KGeN_Tests -->
