<?xml version="1.0" encoding="UTF-8"?>
<!-- Generated by org.testng.reporters.JUnitReportReporter -->
<testsuite hostname="Swethas-MacBook-Air.local" failures="0" tests="4" name="api.test.UserTests_FromProperties" time="10.090" errors="0" timestamp="2024-06-03T10:12:57 IST" skipped="0">
  <testcase classname="api.test.UserTests_FromProperties" name="testPostUser" time="3.987"/>
  <system-out/>
  <testcase classname="api.test.UserTests_FromProperties" name="testGetUser" time="1.650"/>
  <system-out/>
  <testcase classname="api.test.UserTests_FromProperties" name="testPutUser" time="3.045"/>
  <system-out/>
  <testcase classname="api.test.UserTests_FromProperties" name="testDeleteUser" time="1.408"/>
  <system-out/>
</testsuite> <!-- api.test.UserTests_FromProperties -->
