<?xml version="1.0" encoding="UTF-8"?>
<!-- Generated by org.testng.reporters.JUnitReportReporter -->
<testsuite hostname="Swetha" failures="0" tests="4" name="api.test.UserTests_FromProperties" time="77.419" errors="0" timestamp="2023-03-29T11:24:36 IST" skipped="0">
  <testcase classname="api.test.UserTests_FromProperties" name="testPostUser" time="66.886"/>
  <system-out/>
  <testcase classname="api.test.UserTests_FromProperties" name="testGetUser" time="2.846"/>
  <system-out/>
  <testcase classname="api.test.UserTests_FromProperties" name="testPutUser" time="4.688"/>
  <system-out/>
  <testcase classname="api.test.UserTests_FromProperties" name="testDeleteUser" time="2.999"/>
  <system-out/>
</testsuite> <!-- api.test.UserTests_FromProperties -->
