<?xml version="1.0" encoding="UTF-8"?>
<!-- Generated by org.testng.reporters.JUnitReportReporter -->
<testsuite hostname="MacBook-Pro-3.lan" failures="0" tests="1" name="api.test.KGeN_Tests" time="3.773" errors="0" timestamp="2024-10-23T18:36:09 IST" skipped="0">
  <testcase classname="api.test.KGeN_Tests" name="testGetOtp" time="3.773"/>
  <system-out/>
</testsuite> <!-- api.test.KGeN_Tests -->
