<?xml version="1.0" encoding="UTF-8"?>
<!-- Generated by org.testng.reporters.JUnitReportReporter -->
<testsuite hostname="Swetha" failures="0" tests="9" name="api.test.DataDrivenTest" time="31.558" errors="0" timestamp="2023-03-28T20:48:06 IST" skipped="0">
  <testcase classname="api.test.DataDrivenTest" name="testPostUser" time="2.662"/>
  <system-out/>
  <testcase classname="api.test.DataDrivenTest" name="testDeleteUser" time="3.252"/>
  <system-out/>
  <testcase classname="api.test.DataDrivenTest" name="getDeleteUser" time="7.275"/>
  <system-out/>
  <testcase classname="api.test.DataDrivenTest" name="testDeleteUser" time="3.198"/>
  <system-out/>
  <testcase classname="api.test.DataDrivenTest" name="testDeleteUser" time="3.084"/>
  <system-out/>
  <testcase classname="api.test.DataDrivenTest" name="getDeleteUser" time="3.344"/>
  <system-out/>
  <testcase classname="api.test.DataDrivenTest" name="getDeleteUser" time="3.069"/>
  <system-out/>
  <testcase classname="api.test.DataDrivenTest" name="testPostUser" time="3.216"/>
  <system-out/>
  <testcase classname="api.test.DataDrivenTest" name="testPostUser" time="2.458"/>
  <system-out/>
</testsuite> <!-- api.test.DataDrivenTest -->
