<?xml version="1.0" encoding="UTF-8"?>
<!-- Generated by org.testng.reporters.JUnitReportReporter -->
<testsuite hostname="Swetha" failures="0" tests="4" name="api.test.UserTests_FromProperties" time="13.603" errors="0" timestamp="2023-03-29T12:38:49 IST" skipped="0">
  <testcase classname="api.test.UserTests_FromProperties" name="testPostUser" time="5.389"/>
  <system-out/>
  <testcase classname="api.test.UserTests_FromProperties" name="testGetUser" time="1.807"/>
  <system-out/>
  <testcase classname="api.test.UserTests_FromProperties" name="testPutUser" time="4.477"/>
  <system-out/>
  <testcase classname="api.test.UserTests_FromProperties" name="testDeleteUser" time="1.930"/>
  <system-out/>
</testsuite> <!-- api.test.UserTests_FromProperties -->
